#-----------------------------------------------------------
# Vivado v2018.2 (64-bit)
# SW Build 2258646 on Thu Jun 14 20:03:12 MDT 2018
# IP Build 2256618 on Thu Jun 14 22:10:49 MDT 2018
# Start of session at: Sat Aug 24 18:08:27 2019
# Process ID: 9732
# Current directory: Y:/project_9
# Command line: vivado.exe -gui_launcher_event rodinguilauncherevent7476 Y:\project_9\project_9.xpr
# Log file: Y:/project_9/vivado.log
# Journal file: Y:/project_9\vivado.jou
#-----------------------------------------------------------
start_gui
open_project Y:/project_9/project_9.xpr
INFO: [Project 1-313] Project file moved from 'C:/Users/egeozanozyedek/Desktop/project_9' since last save.
Scanning sources...
Finished scanning sources
INFO: [IP_Flow 19-234] Refreshing IP repositories
INFO: [IP_Flow 19-1704] No user IP repositories specified
INFO: [IP_Flow 19-2313] Loaded Vivado IP repository 'C:/Xilinx/Vivado/2018.2/data/ip'.
open_project: Time (s): cpu = 00:00:09 ; elapsed = 00:00:08 . Memory (MB): peak = 810.328 ; gain = 150.590
update_compile_order -fileset sources_1
exit
INFO: [Common 17-206] Exiting Vivado at Sat Aug 24 18:09:25 2019...
